210322-22:02:21 [INFO] -- 
210322-22:02:21 [INFO] -- 
210322-22:02:21 [INFO] -- ============================================================
210322-22:02:21 [INFO] -- ATMSSStarter: Application Starting...
210322-22:02:23 [INFO] -- BuzzerHandler: starting...
210322-22:02:23 [INFO] -- timer: starting...
210322-22:02:23 [INFO] -- CardReaderHandler: starting...
210322-22:02:23 [INFO] -- TouchDisplayHandler: starting...
210322-22:02:23 [INFO] -- KeypadHandler: starting...
210322-22:02:23 [INFO] -- ATMSS: starting...
210322-22:02:23 [INFO] -- TouchDisplayHandler: update display -- Welcome
210322-22:02:23 [INFO] -- TouchDisplayHandler: loading fxml: TouchDisplayWelcome.fxml
210322-22:02:27 [INFO] -- 
210322-22:02:27 [INFO] -- 
210322-22:02:27 [INFO] -- ============================================================
210322-22:02:27 [INFO] -- ATMSSStarter: Application Stopping...
210322-22:02:27 [INFO] -- CardReaderHandler: terminating...
210322-22:02:27 [INFO] -- KeypadHandler: terminating...
210322-22:02:27 [INFO] -- timer: received terminate!
210322-22:02:27 [INFO] -- TouchDisplayHandler: terminating...
210322-22:02:27 [INFO] -- BuzzerHandler: terminating...
210322-22:02:27 [INFO] -- ATMSS: terminating...
210322-22:02:27 [INFO] -- timer: terminating...
